<?xml version="1.0" encoding="UTF-8"?>
<coverage generated="1744733618877" clover="3.2.0">
  <project timestamp="1744733618877" name="All files">
    <metrics statements="134" coveredstatements="86" conditionals="58" coveredconditionals="28" methods="42" coveredmethods="23" elements="234" coveredelements="137" complexity="0" loc="134" ncloc="134" packages="5" files="12" classes="12"/>
    <package name="src">
      <metrics statements="52" coveredstatements="4" conditionals="14" coveredconditionals="0" methods="19" coveredmethods="0"/>
      <file name="index.js" path="C:\Users\user\OneDrive\Desktop\front-end\workout-programs\src\index.js">
        <metrics statements="2" coveredstatements="0" conditionals="0" coveredconditionals="0" methods="0" coveredmethods="0"/>
        <line num="7" count="0" type="stmt"/>
        <line num="8" count="0" type="stmt"/>
      </file>
      <file name="test-utils.js" path="C:\Users\user\OneDrive\Desktop\front-end\workout-programs\src\test-utils.js">
        <metrics statements="50" coveredstatements="4" conditionals="14" coveredconditionals="0" methods="19" coveredmethods="0"/>
        <line num="7" count="0" type="stmt"/>
        <line num="8" count="0" type="stmt"/>
        <line num="9" count="0" type="stmt"/>
        <line num="11" count="0" type="stmt"/>
        <line num="12" count="0" type="stmt"/>
        <line num="15" count="0" type="stmt"/>
        <line num="18" count="0" type="stmt"/>
        <line num="19" count="0" type="stmt"/>
        <line num="20" count="0" type="cond" truecount="0" falsecount="2"/>
        <line num="21" count="0" type="stmt"/>
        <line num="23" count="0" type="stmt"/>
        <line num="26" count="0" type="stmt"/>
        <line num="27" count="0" type="stmt"/>
        <line num="28" count="0" type="cond" truecount="0" falsecount="2"/>
        <line num="29" count="0" type="stmt"/>
        <line num="31" count="0" type="stmt"/>
        <line num="32" count="0" type="cond" truecount="0" falsecount="2"/>
        <line num="33" count="0" type="stmt"/>
        <line num="35" count="0" type="stmt"/>
        <line num="38" count="0" type="stmt"/>
        <line num="41" count="0" type="stmt"/>
        <line num="42" count="0" type="cond" truecount="0" falsecount="2"/>
        <line num="43" count="0" type="stmt"/>
        <line num="45" count="0" type="stmt"/>
        <line num="48" count="0" type="stmt"/>
        <line num="49" count="0" type="stmt"/>
        <line num="51" count="0" type="stmt"/>
        <line num="57" count="1" type="stmt"/>
        <line num="59" count="0" type="stmt"/>
        <line num="60" count="0" type="stmt"/>
        <line num="64" count="0" type="stmt"/>
        <line num="68" count="0" type="stmt"/>
        <line num="69" count="0" type="stmt"/>
        <line num="73" count="0" type="stmt"/>
        <line num="74" count="0" type="stmt"/>
        <line num="78" count="0" type="stmt"/>
        <line num="79" count="0" type="stmt"/>
        <line num="83" count="0" type="stmt"/>
        <line num="89" count="1" type="stmt"/>
        <line num="91" count="0" type="cond" truecount="0" falsecount="2"/>
        <line num="92" count="0" type="stmt"/>
        <line num="94" count="0" type="stmt"/>
        <line num="97" count="0" type="cond" truecount="0" falsecount="2"/>
        <line num="98" count="0" type="stmt"/>
        <line num="100" count="0" type="stmt"/>
        <line num="103" count="0" type="cond" truecount="0" falsecount="2"/>
        <line num="104" count="0" type="stmt"/>
        <line num="106" count="0" type="stmt"/>
        <line num="109" count="1" type="stmt"/>
        <line num="121" count="1" type="stmt"/>
      </file>
    </package>
    <package name="src.Components">
      <metrics statements="29" coveredstatements="29" conditionals="20" coveredconditionals="10" methods="9" coveredmethods="9"/>
      <file name="Footer.js" path="C:\Users\user\OneDrive\Desktop\front-end\workout-programs\src\Components\Footer.js">
        <metrics statements="2" coveredstatements="2" conditionals="0" coveredconditionals="0" methods="1" coveredmethods="1"/>
        <line num="5" count="1" type="stmt"/>
        <line num="6" count="1" type="stmt"/>
      </file>
      <file name="Navbar.js" path="C:\Users\user\OneDrive\Desktop\front-end\workout-programs\src\Components\Navbar.js">
        <metrics statements="5" coveredstatements="5" conditionals="10" coveredconditionals="5" methods="2" coveredmethods="2"/>
        <line num="6" count="1" type="stmt"/>
        <line num="7" count="2" type="stmt"/>
        <line num="8" count="2" type="stmt"/>
        <line num="11" count="8" type="stmt"/>
        <line num="13" count="2" type="stmt"/>
      </file>
      <file name="ProgramDetails.js" path="C:\Users\user\OneDrive\Desktop\front-end\workout-programs\src\Components\ProgramDetails.js">
        <metrics statements="15" coveredstatements="15" conditionals="6" coveredconditionals="5" methods="4" coveredmethods="4"/>
        <line num="6" count="1" type="stmt"/>
        <line num="259" count="1" type="stmt"/>
        <line num="260" count="18" type="stmt"/>
        <line num="261" count="18" type="stmt"/>
        <line num="263" count="18" type="stmt"/>
        <line num="280" count="1" type="stmt"/>
        <line num="281" count="6" type="stmt"/>
        <line num="308" count="1" type="stmt"/>
        <line num="309" count="3" type="cond" truecount="2" falsecount="0"/>
        <line num="310" count="1" type="stmt"/>
        <line num="322" count="2" type="stmt"/>
        <line num="345" count="6" type="stmt"/>
        <line num="364" count="1" type="stmt"/>
        <line num="373" count="1" type="stmt"/>
        <line num="381" count="1" type="stmt"/>
      </file>
      <file name="VirtualizedGrid.js" path="C:\Users\user\OneDrive\Desktop\front-end\workout-programs\src\Components\VirtualizedGrid.js">
        <metrics statements="7" coveredstatements="7" conditionals="4" coveredconditionals="0" methods="2" coveredmethods="2"/>
        <line num="7" count="1" type="stmt"/>
        <line num="15" count="6" type="stmt"/>
        <line num="16" count="6" type="stmt"/>
        <line num="18" count="6" type="stmt"/>
        <line num="29" count="6" type="stmt"/>
        <line num="34" count="6" type="stmt"/>
        <line num="57" count="1" type="stmt"/>
      </file>
    </package>
    <package name="src.hooks">
      <metrics statements="15" coveredstatements="15" conditionals="5" coveredconditionals="4" methods="4" coveredmethods="4"/>
      <file name="useVirtualization.js" path="C:\Users\user\OneDrive\Desktop\front-end\workout-programs\src\hooks\useVirtualization.js">
        <metrics statements="15" coveredstatements="15" conditionals="5" coveredconditionals="4" methods="4" coveredmethods="4"/>
        <line num="3" count="2" type="cond" truecount="0" falsecount="1"/>
        <line num="4" count="13" type="stmt"/>
        <line num="5" count="13" type="stmt"/>
        <line num="10" count="13" type="stmt"/>
        <line num="11" count="5" type="stmt"/>
        <line num="12" count="8" type="stmt"/>
        <line num="17" count="8" type="cond" truecount="2" falsecount="0"/>
        <line num="18" count="1" type="stmt"/>
        <line num="19" count="7" type="cond" truecount="2" falsecount="0"/>
        <line num="20" count="1" type="stmt"/>
        <line num="22" count="6" type="stmt"/>
        <line num="26" count="5" type="stmt"/>
        <line num="27" count="5" type="stmt"/>
        <line num="28" count="5" type="stmt"/>
        <line num="31" count="13" type="stmt"/>
      </file>
    </package>
    <package name="src.pages">
      <metrics statements="38" coveredstatements="38" conditionals="19" coveredconditionals="14" methods="10" coveredmethods="10"/>
      <file name="About.js" path="C:\Users\user\OneDrive\Desktop\front-end\workout-programs\src\pages\About.js">
        <metrics statements="2" coveredstatements="2" conditionals="2" coveredconditionals="1" methods="1" coveredmethods="1"/>
        <line num="5" count="1" type="stmt"/>
        <line num="6" count="2" type="stmt"/>
      </file>
      <file name="Contact.js" path="C:\Users\user\OneDrive\Desktop\front-end\workout-programs\src\pages\Contact.js">
        <metrics statements="18" coveredstatements="18" conditionals="7" coveredconditionals="7" methods="4" coveredmethods="4"/>
        <line num="13" count="1" type="stmt"/>
        <line num="14" count="1" type="stmt"/>
        <line num="15" count="1" type="stmt"/>
        <line num="28" count="1" type="stmt"/>
        <line num="40" count="1" type="stmt"/>
        <line num="41" count="9" type="stmt"/>
        <line num="46" count="8" type="stmt"/>
        <line num="48" count="8" type="stmt"/>
        <line num="49" count="3" type="stmt"/>
        <line num="50" count="3" type="stmt"/>
        <line num="53" count="8" type="stmt"/>
        <line num="54" count="2" type="stmt"/>
        <line num="55" count="2" type="cond" truecount="5" falsecount="0"/>
        <line num="56" count="1" type="stmt"/>
        <line num="57" count="1" type="stmt"/>
        <line num="58" count="1" type="stmt"/>
        <line num="60" count="1" type="stmt"/>
        <line num="64" count="8" type="stmt"/>
      </file>
      <file name="Home.js" path="C:\Users\user\OneDrive\Desktop\front-end\workout-programs\src\pages\Home.js">
        <metrics statements="3" coveredstatements="3" conditionals="6" coveredconditionals="4" methods="1" coveredmethods="1"/>
        <line num="6" count="1" type="stmt"/>
        <line num="7" count="3" type="stmt"/>
        <line num="190" count="1" type="stmt"/>
      </file>
      <file name="Programs.js" path="C:\Users\user\OneDrive\Desktop\front-end\workout-programs\src\pages\Programs.js">
        <metrics statements="15" coveredstatements="15" conditionals="4" coveredconditionals="2" methods="4" coveredmethods="4"/>
        <line num="8" count="1" type="stmt"/>
        <line num="194" count="1" type="stmt"/>
        <line num="195" count="6" type="stmt"/>
        <line num="196" count="6" type="stmt"/>
        <line num="197" count="6" type="stmt"/>
        <line num="199" count="6" type="cond" truecount="1" falsecount="1"/>
        <line num="202" count="6" type="stmt"/>
        <line num="208" count="6" type="stmt"/>
        <line num="212" count="1" type="stmt"/>
        <line num="238" count="1" type="stmt"/>
        <line num="239" count="3" type="stmt"/>
        <line num="241" count="3" type="stmt"/>
        <line num="254" count="6" type="stmt"/>
        <line num="269" count="1" type="stmt"/>
        <line num="273" count="1" type="stmt"/>
      </file>
    </package>
    <package name="src.styles.assets">
      <metrics statements="0" coveredstatements="0" conditionals="0" coveredconditionals="0" methods="0" coveredmethods="0"/>
      <file name="images.js" path="C:\Users\user\OneDrive\Desktop\front-end\workout-programs\src\styles\assets\images.js">
        <metrics statements="0" coveredstatements="0" conditionals="0" coveredconditionals="0" methods="0" coveredmethods="0"/>
      </file>
    </package>
  </project>
</coverage>
