{"C:\\Users\\user\\OneDrive\\Desktop\\front-end\\workout-programs\\src\\index.js": {"path":"C:\\Users\\user\\OneDrive\\Desktop\\front-end\\workout-programs\\src\\index.js","statementMap":{"0":{"start":{"line":7,"column":13},"end":{"line":7,"column":65}},"1":{"start":{"line":8,"column":0},"end":{"line":12,"column":2}}},"fnMap":{},"branchMap":{},"s":{"0":0,"1":0},"f":{},"b":{}}
,"C:\\Users\\user\\OneDrive\\Desktop\\front-end\\workout-programs\\src\\test-utils.js": {"path":"C:\\Users\\user\\OneDrive\\Desktop\\front-end\\workout-programs\\src\\test-utils.js","statementMap":{"0":{"start":{"line":7,"column":20},"end":{"line":7,"column":49}},"1":{"start":{"line":8,"column":2},"end":{"line":8,"column":39}},"2":{"start":{"line":9,"column":15},"end":{"line":9,"column":36}},"3":{"start":{"line":11,"column":2},"end":{"line":13,"column":5}},"4":{"start":{"line":12,"column":4},"end":{"line":12,"column":25}},"5":{"start":{"line":15,"column":2},"end":{"line":53,"column":4}},"6":{"start":{"line":18,"column":23},"end":{"line":19,"column":46}},"7":{"start":{"line":19,"column":22},"end":{"line":19,"column":45}},"8":{"start":{"line":20,"column":6},"end":{"line":22,"column":7}},"9":{"start":{"line":21,"column":8},"end":{"line":21,"column":69}},"10":{"start":{"line":23,"column":6},"end":{"line":23,"column":25}},"11":{"start":{"line":26,"column":27},"end":{"line":27,"column":45}},"12":{"start":{"line":27,"column":20},"end":{"line":27,"column":44}},"13":{"start":{"line":28,"column":6},"end":{"line":30,"column":7}},"14":{"start":{"line":29,"column":8},"end":{"line":29,"column":68}},"15":{"start":{"line":31,"column":20},"end":{"line":31,"column":65}},"16":{"start":{"line":32,"column":6},"end":{"line":34,"column":7}},"17":{"start":{"line":33,"column":8},"end":{"line":33,"column":68}},"18":{"start":{"line":35,"column":6},"end":{"line":35,"column":19}},"19":{"start":{"line":38,"column":6},"end":{"line":38,"column":82}},"20":{"start":{"line":41,"column":22},"end":{"line":41,"column":74}},"21":{"start":{"line":42,"column":6},"end":{"line":44,"column":7}},"22":{"start":{"line":43,"column":8},"end":{"line":43,"column":78}},"23":{"start":{"line":45,"column":6},"end":{"line":45,"column":21}},"24":{"start":{"line":48,"column":6},"end":{"line":50,"column":9}},"25":{"start":{"line":49,"column":8},"end":{"line":49,"column":23}},"26":{"start":{"line":51,"column":6},"end":{"line":51,"column":43}},"27":{"start":{"line":57,"column":25},"end":{"line":86,"column":1}},"28":{"start":{"line":59,"column":4},"end":{"line":65,"column":7}},"29":{"start":{"line":60,"column":20},"end":{"line":63,"column":8}},"30":{"start":{"line":64,"column":6},"end":{"line":64,"column":35}},"31":{"start":{"line":68,"column":4},"end":{"line":75,"column":7}},"32":{"start":{"line":69,"column":20},"end":{"line":72,"column":8}},"33":{"start":{"line":73,"column":6},"end":{"line":73,"column":37}},"34":{"start":{"line":74,"column":6},"end":{"line":74,"column":35}},"35":{"start":{"line":78,"column":4},"end":{"line":84,"column":7}},"36":{"start":{"line":79,"column":20},"end":{"line":82,"column":8}},"37":{"start":{"line":83,"column":6},"end":{"line":83,"column":35}},"38":{"start":{"line":89,"column":22},"end":{"line":108,"column":1}},"39":{"start":{"line":91,"column":4},"end":{"line":93,"column":5}},"40":{"start":{"line":92,"column":6},"end":{"line":92,"column":56}},"41":{"start":{"line":94,"column":4},"end":{"line":94,"column":16}},"42":{"start":{"line":97,"column":4},"end":{"line":99,"column":5}},"43":{"start":{"line":98,"column":6},"end":{"line":98,"column":106}},"44":{"start":{"line":100,"column":4},"end":{"line":100,"column":16}},"45":{"start":{"line":103,"column":4},"end":{"line":105,"column":5}},"46":{"start":{"line":104,"column":6},"end":{"line":104,"column":94}},"47":{"start":{"line":106,"column":4},"end":{"line":106,"column":16}},"48":{"start":{"line":109,"column":28},"end":{"line":119,"column":3}},"49":{"start":{"line":121,"column":36},"end":{"line":123,"column":3}}},"fnMap":{"0":{"name":"render","decl":{"start":{"line":6,"column":16},"end":{"line":6,"column":22}},"loc":{"start":{"line":6,"column":32},"end":{"line":54,"column":1}},"line":6},"1":{"name":"(anonymous_1)","decl":{"start":{"line":11,"column":6},"end":{"line":11,"column":7}},"loc":{"start":{"line":11,"column":12},"end":{"line":13,"column":3}},"line":11},"2":{"name":"(anonymous_2)","decl":{"start":{"line":17,"column":15},"end":{"line":17,"column":16}},"loc":{"start":{"line":17,"column":25},"end":{"line":24,"column":5}},"line":17},"3":{"name":"(anonymous_3)","decl":{"start":{"line":19,"column":16},"end":{"line":19,"column":17}},"loc":{"start":{"line":19,"column":22},"end":{"line":19,"column":45}},"line":19},"4":{"name":"(anonymous_4)","decl":{"start":{"line":25,"column":20},"end":{"line":25,"column":21}},"loc":{"start":{"line":25,"column":31},"end":{"line":36,"column":5}},"line":25},"5":{"name":"(anonymous_5)","decl":{"start":{"line":27,"column":14},"end":{"line":27,"column":15}},"loc":{"start":{"line":27,"column":20},"end":{"line":27,"column":44}},"line":27},"6":{"name":"(anonymous_6)","decl":{"start":{"line":37,"column":20},"end":{"line":37,"column":21}},"loc":{"start":{"line":37,"column":32},"end":{"line":39,"column":5}},"line":37},"7":{"name":"(anonymous_7)","decl":{"start":{"line":40,"column":17},"end":{"line":40,"column":18}},"loc":{"start":{"line":40,"column":29},"end":{"line":46,"column":5}},"line":40},"8":{"name":"(anonymous_8)","decl":{"start":{"line":47,"column":13},"end":{"line":47,"column":14}},"loc":{"start":{"line":47,"column":19},"end":{"line":52,"column":5}},"line":47},"9":{"name":"(anonymous_9)","decl":{"start":{"line":48,"column":10},"end":{"line":48,"column":11}},"loc":{"start":{"line":48,"column":16},"end":{"line":50,"column":7}},"line":48},"10":{"name":"(anonymous_10)","decl":{"start":{"line":58,"column":9},"end":{"line":58,"column":10}},"loc":{"start":{"line":58,"column":22},"end":{"line":66,"column":3}},"line":58},"11":{"name":"(anonymous_11)","decl":{"start":{"line":59,"column":8},"end":{"line":59,"column":9}},"loc":{"start":{"line":59,"column":14},"end":{"line":65,"column":5}},"line":59},"12":{"name":"(anonymous_12)","decl":{"start":{"line":67,"column":10},"end":{"line":67,"column":11}},"loc":{"start":{"line":67,"column":35},"end":{"line":76,"column":3}},"line":67},"13":{"name":"(anonymous_13)","decl":{"start":{"line":68,"column":8},"end":{"line":68,"column":9}},"loc":{"start":{"line":68,"column":14},"end":{"line":75,"column":5}},"line":68},"14":{"name":"(anonymous_14)","decl":{"start":{"line":77,"column":10},"end":{"line":77,"column":11}},"loc":{"start":{"line":77,"column":23},"end":{"line":85,"column":3}},"line":77},"15":{"name":"(anonymous_15)","decl":{"start":{"line":78,"column":8},"end":{"line":78,"column":9}},"loc":{"start":{"line":78,"column":14},"end":{"line":84,"column":5}},"line":78},"16":{"name":"(anonymous_16)","decl":{"start":{"line":90,"column":21},"end":{"line":90,"column":22}},"loc":{"start":{"line":90,"column":34},"end":{"line":95,"column":3}},"line":90},"17":{"name":"(anonymous_17)","decl":{"start":{"line":96,"column":21},"end":{"line":96,"column":22}},"loc":{"start":{"line":96,"column":40},"end":{"line":101,"column":3}},"line":96},"18":{"name":"(anonymous_18)","decl":{"start":{"line":102,"column":15},"end":{"line":102,"column":16}},"loc":{"start":{"line":102,"column":35},"end":{"line":107,"column":3}},"line":102}},"branchMap":{"0":{"loc":{"start":{"line":20,"column":6},"end":{"line":22,"column":7}},"type":"if","locations":[{"start":{"line":20,"column":6},"end":{"line":22,"column":7}},{"start":{},"end":{}}],"line":20},"1":{"loc":{"start":{"line":28,"column":6},"end":{"line":30,"column":7}},"type":"if","locations":[{"start":{"line":28,"column":6},"end":{"line":30,"column":7}},{"start":{},"end":{}}],"line":28},"2":{"loc":{"start":{"line":32,"column":6},"end":{"line":34,"column":7}},"type":"if","locations":[{"start":{"line":32,"column":6},"end":{"line":34,"column":7}},{"start":{},"end":{}}],"line":32},"3":{"loc":{"start":{"line":42,"column":6},"end":{"line":44,"column":7}},"type":"if","locations":[{"start":{"line":42,"column":6},"end":{"line":44,"column":7}},{"start":{},"end":{}}],"line":42},"4":{"loc":{"start":{"line":91,"column":4},"end":{"line":93,"column":5}},"type":"if","locations":[{"start":{"line":91,"column":4},"end":{"line":93,"column":5}},{"start":{},"end":{}}],"line":91},"5":{"loc":{"start":{"line":97,"column":4},"end":{"line":99,"column":5}},"type":"if","locations":[{"start":{"line":97,"column":4},"end":{"line":99,"column":5}},{"start":{},"end":{}}],"line":97},"6":{"loc":{"start":{"line":103,"column":4},"end":{"line":105,"column":5}},"type":"if","locations":[{"start":{"line":103,"column":4},"end":{"line":105,"column":5}},{"start":{},"end":{}}],"line":103}},"s":{"0":0,"1":0,"2":0,"3":0,"4":0,"5":0,"6":0,"7":0,"8":0,"9":0,"10":0,"11":0,"12":0,"13":0,"14":0,"15":0,"16":0,"17":0,"18":0,"19":0,"20":0,"21":0,"22":0,"23":0,"24":0,"25":0,"26":0,"27":1,"28":0,"29":0,"30":0,"31":0,"32":0,"33":0,"34":0,"35":0,"36":0,"37":0,"38":1,"39":0,"40":0,"41":0,"42":0,"43":0,"44":0,"45":0,"46":0,"47":0,"48":1,"49":1},"f":{"0":0,"1":0,"2":0,"3":0,"4":0,"5":0,"6":0,"7":0,"8":0,"9":0,"10":0,"11":0,"12":0,"13":0,"14":0,"15":0,"16":0,"17":0,"18":0},"b":{"0":[0,0],"1":[0,0],"2":[0,0],"3":[0,0],"4":[0,0],"5":[0,0],"6":[0,0]},"_coverageSchema":"1a1c01bbd47fc00a2c39e90264f33305004495a9","hash":"a767b1277f2b4c83d4ddd43a148590df2ed203b2"}
,"C:\\Users\\user\\OneDrive\\Desktop\\front-end\\workout-programs\\src\\Components\\Footer.js": {"path":"C:\\Users\\user\\OneDrive\\Desktop\\front-end\\workout-programs\\src\\Components\\Footer.js","statementMap":{"0":{"start":{"line":5,"column":22},"end":{"line":59,"column":1}},"1":{"start":{"line":6,"column":2},"end":{"line":58,"column":11}}},"fnMap":{"0":{"name":"(anonymous_0)","decl":{"start":{"line":5,"column":22},"end":{"line":5,"column":23}},"loc":{"start":{"line":6,"column":2},"end":{"line":58,"column":11}},"line":6}},"branchMap":{},"s":{"0":1,"1":1},"f":{"0":1},"b":{},"_coverageSchema":"1a1c01bbd47fc00a2c39e90264f33305004495a9","hash":"97c904ae0acba39069205468c564384e92d5bd0d"}
,"C:\\Users\\user\\OneDrive\\Desktop\\front-end\\workout-programs\\src\\Components\\Navbar.js": {"path":"C:\\Users\\user\\OneDrive\\Desktop\\front-end\\workout-programs\\src\\Components\\Navbar.js","statementMap":{"0":{"start":{"line":6,"column":22},"end":{"line":65,"column":1}},"1":{"start":{"line":7,"column":33},"end":{"line":7,"column":43}},"2":{"start":{"line":8,"column":19},"end":{"line":8,"column":32}},"3":{"start":{"line":11,"column":19},"end":{"line":11,"column":55}},"4":{"start":{"line":11,"column":29},"end":{"line":11,"column":55}},"5":{"start":{"line":13,"column":2},"end":{"line":64,"column":4}}},"fnMap":{"0":{"name":"(anonymous_0)","decl":{"start":{"line":6,"column":22},"end":{"line":6,"column":23}},"loc":{"start":{"line":6,"column":28},"end":{"line":65,"column":1}},"line":6},"1":{"name":"(anonymous_1)","decl":{"start":{"line":11,"column":19},"end":{"line":11,"column":20}},"loc":{"start":{"line":11,"column":29},"end":{"line":11,"column":55}},"line":11}},"branchMap":{"0":{"loc":{"start":{"line":22,"column":46},"end":{"line":22,"column":75}},"type":"cond-expr","locations":[{"start":{"line":22,"column":62},"end":{"line":22,"column":70}},{"start":{"line":22,"column":73},"end":{"line":22,"column":75}}],"line":22},"1":{"loc":{"start":{"line":29,"column":35},"end":{"line":29,"column":72}},"type":"cond-expr","locations":[{"start":{"line":29,"column":59},"end":{"line":29,"column":67}},{"start":{"line":29,"column":70},"end":{"line":29,"column":72}}],"line":29},"2":{"loc":{"start":{"line":37,"column":35},"end":{"line":37,"column":69}},"type":"cond-expr","locations":[{"start":{"line":37,"column":56},"end":{"line":37,"column":64}},{"start":{"line":37,"column":67},"end":{"line":37,"column":69}}],"line":37},"3":{"loc":{"start":{"line":45,"column":35},"end":{"line":45,"column":71}},"type":"cond-expr","locations":[{"start":{"line":45,"column":58},"end":{"line":45,"column":66}},{"start":{"line":45,"column":69},"end":{"line":45,"column":71}}],"line":45},"4":{"loc":{"start":{"line":57,"column":9},"end":{"line":61,"column":9}},"type":"cond-expr","locations":[{"start":{"line":58,"column":10},"end":{"line":58,"column":42}},{"start":{"line":60,"column":10},"end":{"line":60,"column":40}}],"line":57}},"s":{"0":1,"1":2,"2":2,"3":2,"4":8,"5":2},"f":{"0":2,"1":8},"b":{"0":[2,0],"1":[0,2],"2":[0,2],"3":[0,2],"4":[2,0]},"_coverageSchema":"1a1c01bbd47fc00a2c39e90264f33305004495a9","hash":"691a18b6eb8b7dfee79203c52bc177f1c0b758b5"}
,"C:\\Users\\user\\OneDrive\\Desktop\\front-end\\workout-programs\\src\\Components\\ProgramDetails.js": {"path":"C:\\Users\\user\\OneDrive\\Desktop\\front-end\\workout-programs\\src\\Components\\ProgramDetails.js","statementMap":{"0":{"start":{"line":6,"column":30},"end":{"line":256,"column":1}},"1":{"start":{"line":259,"column":21},"end":{"line":277,"column":1}},"2":{"start":{"line":260,"column":24},"end":{"line":260,"column":28}},"3":{"start":{"line":261,"column":19},"end":{"line":261,"column":35}},"4":{"start":{"line":263,"column":2},"end":{"line":276,"column":4}},"5":{"start":{"line":280,"column":20},"end":{"line":306,"column":1}},"6":{"start":{"line":281,"column":2},"end":{"line":305,"column":8}},"7":{"start":{"line":308,"column":30},"end":{"line":363,"column":1}},"8":{"start":{"line":309,"column":2},"end":{"line":320,"column":3}},"9":{"start":{"line":310,"column":4},"end":{"line":319,"column":6}},"10":{"start":{"line":322,"column":2},"end":{"line":362,"column":4}},"11":{"start":{"line":345,"column":14},"end":{"line":349,"column":16}},"12":{"start":{"line":364,"column":0},"end":{"line":372,"column":2}},"13":{"start":{"line":373,"column":0},"end":{"line":380,"column":2}},"14":{"start":{"line":381,"column":0},"end":{"line":384,"column":2}}},"fnMap":{"0":{"name":"(anonymous_0)","decl":{"start":{"line":259,"column":21},"end":{"line":259,"column":22}},"loc":{"start":{"line":259,"column":49},"end":{"line":277,"column":1}},"line":259},"1":{"name":"(anonymous_1)","decl":{"start":{"line":280,"column":20},"end":{"line":280,"column":21}},"loc":{"start":{"line":281,"column":2},"end":{"line":305,"column":8}},"line":281},"2":{"name":"(anonymous_2)","decl":{"start":{"line":308,"column":30},"end":{"line":308,"column":31}},"loc":{"start":{"line":308,"column":55},"end":{"line":363,"column":1}},"line":308},"3":{"name":"(anonymous_3)","decl":{"start":{"line":344,"column":45},"end":{"line":344,"column":46}},"loc":{"start":{"line":345,"column":14},"end":{"line":349,"column":16}},"line":345}},"branchMap":{"0":{"loc":{"start":{"line":296,"column":16},"end":{"line":296,"column":73}},"type":"cond-expr","locations":[{"start":{"line":296,"column":46},"end":{"line":296,"column":49}},{"start":{"line":296,"column":52},"end":{"line":296,"column":73}}],"line":296},"1":{"loc":{"start":{"line":309,"column":2},"end":{"line":320,"column":3}},"type":"if","locations":[{"start":{"line":309,"column":2},"end":{"line":320,"column":3}},{"start":{},"end":{}}],"line":309},"2":{"loc":{"start":{"line":333,"column":19},"end":{"line":333,"column":54}},"type":"binary-expr","locations":[{"start":{"line":333,"column":19},"end":{"line":333,"column":32}},{"start":{"line":333,"column":36},"end":{"line":333,"column":54}}],"line":333}},"s":{"0":1,"1":1,"2":18,"3":18,"4":18,"5":1,"6":6,"7":1,"8":3,"9":1,"10":2,"11":6,"12":1,"13":1,"14":1},"f":{"0":18,"1":6,"2":3,"3":6},"b":{"0":[0,6],"1":[1,2],"2":[2,2]},"_coverageSchema":"1a1c01bbd47fc00a2c39e90264f33305004495a9","hash":"fb9241b1551ef5f2860c1c33e104e5d6f2b9ec78"}
,"C:\\Users\\user\\OneDrive\\Desktop\\front-end\\workout-programs\\src\\Components\\VirtualizedGrid.js": {"path":"C:\\Users\\user\\OneDrive\\Desktop\\front-end\\workout-programs\\src\\Components\\VirtualizedGrid.js","statementMap":{"0":{"start":{"line":7,"column":24},"end":{"line":56,"column":1}},"1":{"start":{"line":15,"column":26},"end":{"line":15,"column":63}},"2":{"start":{"line":16,"column":19},"end":{"line":16,"column":56}},"3":{"start":{"line":18,"column":2},"end":{"line":55,"column":4}},"4":{"start":{"line":29,"column":30},"end":{"line":32,"column":11}},"5":{"start":{"line":34,"column":10},"end":{"line":51,"column":12}},"6":{"start":{"line":57,"column":0},"end":{"line":64,"column":2}}},"fnMap":{"0":{"name":"(anonymous_0)","decl":{"start":{"line":7,"column":24},"end":{"line":7,"column":25}},"loc":{"start":{"line":14,"column":6},"end":{"line":56,"column":1}},"line":14},"1":{"name":"(anonymous_1)","decl":{"start":{"line":27,"column":9},"end":{"line":27,"column":10}},"loc":{"start":{"line":27,"column":32},"end":{"line":52,"column":9}},"line":27}},"branchMap":{"0":{"loc":{"start":{"line":10,"column":2},"end":{"line":10,"column":24}},"type":"default-arg","locations":[{"start":{"line":10,"column":23},"end":{"line":10,"column":24}}],"line":10},"1":{"loc":{"start":{"line":11,"column":2},"end":{"line":11,"column":17}},"type":"default-arg","locations":[{"start":{"line":11,"column":14},"end":{"line":11,"column":17}}],"line":11},"2":{"loc":{"start":{"line":12,"column":2},"end":{"line":12,"column":22}},"type":"default-arg","locations":[{"start":{"line":12,"column":19},"end":{"line":12,"column":22}}],"line":12},"3":{"loc":{"start":{"line":13,"column":2},"end":{"line":13,"column":10}},"type":"default-arg","locations":[{"start":{"line":13,"column":8},"end":{"line":13,"column":10}}],"line":13}},"s":{"0":1,"1":6,"2":6,"3":6,"4":6,"5":6,"6":1},"f":{"0":6,"1":6},"b":{"0":[0],"1":[0],"2":[0],"3":[0]},"_coverageSchema":"1a1c01bbd47fc00a2c39e90264f33305004495a9","hash":"1a1535d2371cb15657945e56e095c4f55fdf3155"}
,"C:\\Users\\user\\OneDrive\\Desktop\\front-end\\workout-programs\\src\\hooks\\useVirtualization.js": {"path":"C:\\Users\\user\\OneDrive\\Desktop\\front-end\\workout-programs\\src\\hooks\\useVirtualization.js","statementMap":{"0":{"start":{"line":3,"column":33},"end":{"line":32,"column":1}},"1":{"start":{"line":4,"column":40},"end":{"line":4,"column":68}},"2":{"start":{"line":5,"column":38},"end":{"line":8,"column":4}},"3":{"start":{"line":10,"column":2},"end":{"line":29,"column":27}},"4":{"start":{"line":11,"column":25},"end":{"line":24,"column":5}},"5":{"start":{"line":12,"column":6},"end":{"line":15,"column":9}},"6":{"start":{"line":17,"column":6},"end":{"line":23,"column":7}},"7":{"start":{"line":18,"column":8},"end":{"line":18,"column":26}},"8":{"start":{"line":19,"column":13},"end":{"line":23,"column":7}},"9":{"start":{"line":20,"column":8},"end":{"line":20,"column":26}},"10":{"start":{"line":22,"column":8},"end":{"line":22,"column":43}},"11":{"start":{"line":26,"column":4},"end":{"line":26,"column":19}},"12":{"start":{"line":27,"column":4},"end":{"line":27,"column":52}},"13":{"start":{"line":28,"column":4},"end":{"line":28,"column":68}},"14":{"start":{"line":28,"column":17},"end":{"line":28,"column":67}},"15":{"start":{"line":31,"column":2},"end":{"line":31,"column":37}}},"fnMap":{"0":{"name":"(anonymous_0)","decl":{"start":{"line":3,"column":33},"end":{"line":3,"column":34}},"loc":{"start":{"line":3,"column":61},"end":{"line":32,"column":1}},"line":3},"1":{"name":"(anonymous_1)","decl":{"start":{"line":10,"column":12},"end":{"line":10,"column":13}},"loc":{"start":{"line":10,"column":18},"end":{"line":29,"column":3}},"line":10},"2":{"name":"(anonymous_2)","decl":{"start":{"line":11,"column":25},"end":{"line":11,"column":26}},"loc":{"start":{"line":11,"column":31},"end":{"line":24,"column":5}},"line":11},"3":{"name":"(anonymous_3)","decl":{"start":{"line":28,"column":11},"end":{"line":28,"column":12}},"loc":{"start":{"line":28,"column":17},"end":{"line":28,"column":67}},"line":28}},"branchMap":{"0":{"loc":{"start":{"line":3,"column":34},"end":{"line":3,"column":56}},"type":"default-arg","locations":[{"start":{"line":3,"column":55},"end":{"line":3,"column":56}}],"line":3},"1":{"loc":{"start":{"line":17,"column":6},"end":{"line":23,"column":7}},"type":"if","locations":[{"start":{"line":17,"column":6},"end":{"line":23,"column":7}},{"start":{"line":19,"column":13},"end":{"line":23,"column":7}}],"line":17},"2":{"loc":{"start":{"line":19,"column":13},"end":{"line":23,"column":7}},"type":"if","locations":[{"start":{"line":19,"column":13},"end":{"line":23,"column":7}},{"start":{"line":21,"column":13},"end":{"line":23,"column":7}}],"line":19}},"s":{"0":2,"1":13,"2":13,"3":13,"4":5,"5":8,"6":8,"7":1,"8":7,"9":1,"10":6,"11":5,"12":5,"13":5,"14":5,"15":13},"f":{"0":13,"1":5,"2":8,"3":5},"b":{"0":[0],"1":[1,7],"2":[1,6]},"_coverageSchema":"1a1c01bbd47fc00a2c39e90264f33305004495a9","hash":"a59a93f0e5706c4ebc026f69a2d782ab3c9117a8"}
,"C:\\Users\\user\\OneDrive\\Desktop\\front-end\\workout-programs\\src\\pages\\About.js": {"path":"C:\\Users\\user\\OneDrive\\Desktop\\front-end\\workout-programs\\src\\pages\\About.js","statementMap":{"0":{"start":{"line":5,"column":21},"end":{"line":78,"column":1}},"1":{"start":{"line":6,"column":2},"end":{"line":77,"column":4}}},"fnMap":{"0":{"name":"(anonymous_0)","decl":{"start":{"line":5,"column":21},"end":{"line":5,"column":22}},"loc":{"start":{"line":5,"column":27},"end":{"line":78,"column":1}},"line":5}},"branchMap":{"0":{"loc":{"start":{"line":32,"column":20},"end":{"line":32,"column":52}},"type":"binary-expr","locations":[{"start":{"line":32,"column":20},"end":{"line":32,"column":30}},{"start":{"line":32,"column":34},"end":{"line":32,"column":52}}],"line":32}},"s":{"0":1,"1":2},"f":{"0":2},"b":{"0":[2,0]},"_coverageSchema":"1a1c01bbd47fc00a2c39e90264f33305004495a9","hash":"afc5140013f7f1f23b29a7d9a7378068ec49dac6"}
,"C:\\Users\\user\\OneDrive\\Desktop\\front-end\\workout-programs\\src\\pages\\Contact.js": {"path":"C:\\Users\\user\\OneDrive\\Desktop\\front-end\\workout-programs\\src\\pages\\Contact.js","statementMap":{"0":{"start":{"line":13,"column":20},"end":{"line":26,"column":1}},"1":{"start":{"line":14,"column":14},"end":{"line":14,"column":25}},"2":{"start":{"line":15,"column":2},"end":{"line":25,"column":4}},"3":{"start":{"line":28,"column":0},"end":{"line":38,"column":2}},"4":{"start":{"line":40,"column":23},"end":{"line":194,"column":1}},"5":{"start":{"line":41,"column":34},"end":{"line":45,"column":4}},"6":{"start":{"line":46,"column":34},"end":{"line":46,"column":46}},"7":{"start":{"line":48,"column":23},"end":{"line":51,"column":3}},"8":{"start":{"line":49,"column":28},"end":{"line":49,"column":36}},"9":{"start":{"line":50,"column":4},"end":{"line":50,"column":48}},"10":{"start":{"line":53,"column":23},"end":{"line":62,"column":3}},"11":{"start":{"line":54,"column":4},"end":{"line":54,"column":23}},"12":{"start":{"line":55,"column":4},"end":{"line":61,"column":5}},"13":{"start":{"line":56,"column":6},"end":{"line":56,"column":43}},"14":{"start":{"line":57,"column":6},"end":{"line":57,"column":56}},"15":{"start":{"line":58,"column":6},"end":{"line":58,"column":45}},"16":{"start":{"line":60,"column":6},"end":{"line":60,"column":47}},"17":{"start":{"line":64,"column":2},"end":{"line":193,"column":4}}},"fnMap":{"0":{"name":"(anonymous_0)","decl":{"start":{"line":13,"column":20},"end":{"line":13,"column":21}},"loc":{"start":{"line":13,"column":48},"end":{"line":26,"column":1}},"line":13},"1":{"name":"(anonymous_1)","decl":{"start":{"line":40,"column":23},"end":{"line":40,"column":24}},"loc":{"start":{"line":40,"column":29},"end":{"line":194,"column":1}},"line":40},"2":{"name":"(anonymous_2)","decl":{"start":{"line":48,"column":23},"end":{"line":48,"column":24}},"loc":{"start":{"line":48,"column":30},"end":{"line":51,"column":3}},"line":48},"3":{"name":"(anonymous_3)","decl":{"start":{"line":53,"column":23},"end":{"line":53,"column":24}},"loc":{"start":{"line":53,"column":30},"end":{"line":62,"column":3}},"line":53}},"branchMap":{"0":{"loc":{"start":{"line":55,"column":4},"end":{"line":61,"column":5}},"type":"if","locations":[{"start":{"line":55,"column":4},"end":{"line":61,"column":5}},{"start":{"line":59,"column":11},"end":{"line":61,"column":5}}],"line":55},"1":{"loc":{"start":{"line":55,"column":8},"end":{"line":55,"column":59}},"type":"binary-expr","locations":[{"start":{"line":55,"column":8},"end":{"line":55,"column":21}},{"start":{"line":55,"column":25},"end":{"line":55,"column":39}},{"start":{"line":55,"column":43},"end":{"line":55,"column":59}}],"line":55},"2":{"loc":{"start":{"line":142,"column":9},"end":{"line":157,"column":9}},"type":"binary-expr","locations":[{"start":{"line":142,"column":9},"end":{"line":142,"column":28}},{"start":{"line":143,"column":10},"end":{"line":156,"column":16}}],"line":142}},"s":{"0":1,"1":1,"2":1,"3":1,"4":1,"5":9,"6":8,"7":8,"8":3,"9":3,"10":8,"11":2,"12":2,"13":1,"14":1,"15":1,"16":1,"17":8},"f":{"0":1,"1":9,"2":3,"3":2},"b":{"0":[1,1],"1":[2,1,1],"2":[8,1]},"_coverageSchema":"1a1c01bbd47fc00a2c39e90264f33305004495a9","hash":"55cde877861d1253f00a93efba4e4eee43c6af3a"}
,"C:\\Users\\user\\OneDrive\\Desktop\\front-end\\workout-programs\\src\\pages\\Home.js": {"path":"C:\\Users\\user\\OneDrive\\Desktop\\front-end\\workout-programs\\src\\pages\\Home.js","statementMap":{"0":{"start":{"line":6,"column":20},"end":{"line":189,"column":1}},"1":{"start":{"line":7,"column":2},"end":{"line":188,"column":4}},"2":{"start":{"line":190,"column":0},"end":{"line":193,"column":2}}},"fnMap":{"0":{"name":"(anonymous_0)","decl":{"start":{"line":6,"column":20},"end":{"line":6,"column":21}},"loc":{"start":{"line":6,"column":47},"end":{"line":189,"column":1}},"line":6}},"branchMap":{"0":{"loc":{"start":{"line":63,"column":21},"end":{"line":63,"column":60}},"type":"binary-expr","locations":[{"start":{"line":63,"column":21},"end":{"line":63,"column":38}},{"start":{"line":63,"column":42},"end":{"line":63,"column":60}}],"line":63},"1":{"loc":{"start":{"line":76,"column":21},"end":{"line":76,"column":58}},"type":"binary-expr","locations":[{"start":{"line":76,"column":21},"end":{"line":76,"column":36}},{"start":{"line":76,"column":40},"end":{"line":76,"column":58}}],"line":76},"2":{"loc":{"start":{"line":87,"column":21},"end":{"line":87,"column":54}},"type":"binary-expr","locations":[{"start":{"line":87,"column":21},"end":{"line":87,"column":32}},{"start":{"line":87,"column":36},"end":{"line":87,"column":54}}],"line":87}},"s":{"0":1,"1":3,"2":1},"f":{"0":3},"b":{"0":[3,3],"1":[3,0],"2":[3,0]},"_coverageSchema":"1a1c01bbd47fc00a2c39e90264f33305004495a9","hash":"79db1bbaf6bc45a076417a3f193c8afed362ec14"}
,"C:\\Users\\user\\OneDrive\\Desktop\\front-end\\workout-programs\\src\\pages\\Programs.js": {"path":"C:\\Users\\user\\OneDrive\\Desktop\\front-end\\workout-programs\\src\\pages\\Programs.js","statementMap":{"0":{"start":{"line":8,"column":24},"end":{"line":191,"column":1}},"1":{"start":{"line":194,"column":20},"end":{"line":236,"column":1}},"2":{"start":{"line":195,"column":33},"end":{"line":195,"column":37}},"3":{"start":{"line":196,"column":16},"end":{"line":196,"column":52}},"4":{"start":{"line":197,"column":18},"end":{"line":197,"column":30}},"5":{"start":{"line":199,"column":2},"end":{"line":199,"column":28}},"6":{"start":{"line":199,"column":16},"end":{"line":199,"column":28}},"7":{"start":{"line":202,"column":20},"end":{"line":206,"column":3}},"8":{"start":{"line":208,"column":2},"end":{"line":235,"column":4}},"9":{"start":{"line":212,"column":23},"end":{"line":212,"column":51}},"10":{"start":{"line":238,"column":24},"end":{"line":267,"column":1}},"11":{"start":{"line":239,"column":20},"end":{"line":239,"column":30}},"12":{"start":{"line":241,"column":2},"end":{"line":266,"column":4}},"13":{"start":{"line":254,"column":12},"end":{"line":257,"column":14}},"14":{"start":{"line":269,"column":0},"end":{"line":271,"column":2}},"15":{"start":{"line":273,"column":0},"end":{"line":288,"column":2}}},"fnMap":{"0":{"name":"(anonymous_0)","decl":{"start":{"line":194,"column":20},"end":{"line":194,"column":21}},"loc":{"start":{"line":194,"column":64},"end":{"line":236,"column":1}},"line":194},"1":{"name":"(anonymous_1)","decl":{"start":{"line":212,"column":17},"end":{"line":212,"column":18}},"loc":{"start":{"line":212,"column":23},"end":{"line":212,"column":51}},"line":212},"2":{"name":"(anonymous_2)","decl":{"start":{"line":238,"column":24},"end":{"line":238,"column":25}},"loc":{"start":{"line":238,"column":48},"end":{"line":267,"column":1}},"line":238},"3":{"name":"(anonymous_3)","decl":{"start":{"line":253,"column":22},"end":{"line":253,"column":23}},"loc":{"start":{"line":254,"column":12},"end":{"line":257,"column":14}},"line":254}},"branchMap":{"0":{"loc":{"start":{"line":199,"column":2},"end":{"line":199,"column":28}},"type":"if","locations":[{"start":{"line":199,"column":2},"end":{"line":199,"column":28}},{"start":{},"end":{}}],"line":199},"1":{"loc":{"start":{"line":216,"column":15},"end":{"line":216,"column":50}},"type":"binary-expr","locations":[{"start":{"line":216,"column":15},"end":{"line":216,"column":28}},{"start":{"line":216,"column":32},"end":{"line":216,"column":50}}],"line":216}},"s":{"0":1,"1":1,"2":6,"3":6,"4":6,"5":6,"6":0,"7":6,"8":6,"9":1,"10":1,"11":3,"12":3,"13":6,"14":1,"15":1},"f":{"0":6,"1":1,"2":3,"3":6},"b":{"0":[0,6],"1":[6,0]},"_coverageSchema":"1a1c01bbd47fc00a2c39e90264f33305004495a9","hash":"e487148035520399c6e6a87d3a3dbd3169d877b1"}
,"C:\\Users\\user\\OneDrive\\Desktop\\front-end\\workout-programs\\src\\styles\\assets\\images.js": {"path":"C:\\Users\\user\\OneDrive\\Desktop\\front-end\\workout-programs\\src\\styles\\assets\\images.js","statementMap":{},"fnMap":{},"branchMap":{},"s":{},"f":{},"b":{},"_coverageSchema":"1a1c01bbd47fc00a2c39e90264f33305004495a9","hash":"d1fbfac1321fd19b35d9317e72e6e9e79d826430"}
}
