TN:
SF:src\index.js
FNF:0
FNH:0
DA:7,0
DA:8,0
LF:2
LH:0
BRF:0
BRH:0
end_of_record
TN:
SF:src\test-utils.js
FN:6,render
FN:11,(anonymous_1)
FN:17,(anonymous_2)
FN:19,(anonymous_3)
FN:25,(anonymous_4)
FN:27,(anonymous_5)
FN:37,(anonymous_6)
FN:40,(anonymous_7)
FN:47,(anonymous_8)
FN:48,(anonymous_9)
FN:58,(anonymous_10)
FN:59,(anonymous_11)
FN:67,(anonymous_12)
FN:68,(anonymous_13)
FN:77,(anonymous_14)
FN:78,(anonymous_15)
FN:90,(anonymous_16)
FN:96,(anonymous_17)
FN:102,(anonymous_18)
FNF:19
FNH:0
FNDA:0,render
FNDA:0,(anonymous_1)
FNDA:0,(anonymous_2)
FNDA:0,(anonymous_3)
FNDA:0,(anonymous_4)
FNDA:0,(anonymous_5)
FNDA:0,(anonymous_6)
FNDA:0,(anonymous_7)
FNDA:0,(anonymous_8)
FNDA:0,(anonymous_9)
FNDA:0,(anonymous_10)
FNDA:0,(anonymous_11)
FNDA:0,(anonymous_12)
FNDA:0,(anonymous_13)
FNDA:0,(anonymous_14)
FNDA:0,(anonymous_15)
FNDA:0,(anonymous_16)
FNDA:0,(anonymous_17)
FNDA:0,(anonymous_18)
DA:7,0
DA:8,0
DA:9,0
DA:11,0
DA:12,0
DA:15,0
DA:18,0
DA:19,0
DA:20,0
DA:21,0
DA:23,0
DA:26,0
DA:27,0
DA:28,0
DA:29,0
DA:31,0
DA:32,0
DA:33,0
DA:35,0
DA:38,0
DA:41,0
DA:42,0
DA:43,0
DA:45,0
DA:48,0
DA:49,0
DA:51,0
DA:57,1
DA:59,0
DA:60,0
DA:64,0
DA:68,0
DA:69,0
DA:73,0
DA:74,0
DA:78,0
DA:79,0
DA:83,0
DA:89,1
DA:91,0
DA:92,0
DA:94,0
DA:97,0
DA:98,0
DA:100,0
DA:103,0
DA:104,0
DA:106,0
DA:109,1
DA:121,1
LF:50
LH:4
BRDA:20,0,0,0
BRDA:20,0,1,0
BRDA:28,1,0,0
BRDA:28,1,1,0
BRDA:32,2,0,0
BRDA:32,2,1,0
BRDA:42,3,0,0
BRDA:42,3,1,0
BRDA:91,4,0,0
BRDA:91,4,1,0
BRDA:97,5,0,0
BRDA:97,5,1,0
BRDA:103,6,0,0
BRDA:103,6,1,0
BRF:14
BRH:0
end_of_record
TN:
SF:src\Components\Footer.js
FN:5,(anonymous_0)
FNF:1
FNH:1
FNDA:1,(anonymous_0)
DA:5,1
DA:6,1
LF:2
LH:2
BRF:0
BRH:0
end_of_record
TN:
SF:src\Components\Navbar.js
FN:6,(anonymous_0)
FN:11,(anonymous_1)
FNF:2
FNH:2
FNDA:2,(anonymous_0)
FNDA:8,(anonymous_1)
DA:6,1
DA:7,2
DA:8,2
DA:11,8
DA:13,2
LF:5
LH:5
BRDA:22,0,0,2
BRDA:22,0,1,0
BRDA:29,1,0,0
BRDA:29,1,1,2
BRDA:37,2,0,0
BRDA:37,2,1,2
BRDA:45,3,0,0
BRDA:45,3,1,2
BRDA:57,4,0,2
BRDA:57,4,1,0
BRF:10
BRH:5
end_of_record
TN:
SF:src\Components\ProgramDetails.js
FN:259,(anonymous_0)
FN:280,(anonymous_1)
FN:308,(anonymous_2)
FN:344,(anonymous_3)
FNF:4
FNH:4
FNDA:18,(anonymous_0)
FNDA:6,(anonymous_1)
FNDA:3,(anonymous_2)
FNDA:6,(anonymous_3)
DA:6,1
DA:259,1
DA:260,18
DA:261,18
DA:263,18
DA:280,1
DA:281,6
DA:308,1
DA:309,3
DA:310,1
DA:322,2
DA:345,6
DA:364,1
DA:373,1
DA:381,1
LF:15
LH:15
BRDA:296,0,0,0
BRDA:296,0,1,6
BRDA:309,1,0,1
BRDA:309,1,1,2
BRDA:333,2,0,2
BRDA:333,2,1,2
BRF:6
BRH:5
end_of_record
TN:
SF:src\Components\VirtualizedGrid.js
FN:7,(anonymous_0)
FN:27,(anonymous_1)
FNF:2
FNH:2
FNDA:6,(anonymous_0)
FNDA:6,(anonymous_1)
DA:7,1
DA:15,6
DA:16,6
DA:18,6
DA:29,6
DA:34,6
DA:57,1
LF:7
LH:7
BRDA:10,0,0,0
BRDA:11,1,0,0
BRDA:12,2,0,0
BRDA:13,3,0,0
BRF:4
BRH:0
end_of_record
TN:
SF:src\hooks\useVirtualization.js
FN:3,(anonymous_0)
FN:10,(anonymous_1)
FN:11,(anonymous_2)
FN:28,(anonymous_3)
FNF:4
FNH:4
FNDA:13,(anonymous_0)
FNDA:5,(anonymous_1)
FNDA:8,(anonymous_2)
FNDA:5,(anonymous_3)
DA:3,2
DA:4,13
DA:5,13
DA:10,13
DA:11,5
DA:12,8
DA:17,8
DA:18,1
DA:19,7
DA:20,1
DA:22,6
DA:26,5
DA:27,5
DA:28,5
DA:31,13
LF:15
LH:15
BRDA:3,0,0,0
BRDA:17,1,0,1
BRDA:17,1,1,7
BRDA:19,2,0,1
BRDA:19,2,1,6
BRF:5
BRH:4
end_of_record
TN:
SF:src\pages\About.js
FN:5,(anonymous_0)
FNF:1
FNH:1
FNDA:2,(anonymous_0)
DA:5,1
DA:6,2
LF:2
LH:2
BRDA:32,0,0,2
BRDA:32,0,1,0
BRF:2
BRH:1
end_of_record
TN:
SF:src\pages\Contact.js
FN:13,(anonymous_0)
FN:40,(anonymous_1)
FN:48,(anonymous_2)
FN:53,(anonymous_3)
FNF:4
FNH:4
FNDA:1,(anonymous_0)
FNDA:9,(anonymous_1)
FNDA:3,(anonymous_2)
FNDA:2,(anonymous_3)
DA:13,1
DA:14,1
DA:15,1
DA:28,1
DA:40,1
DA:41,9
DA:46,8
DA:48,8
DA:49,3
DA:50,3
DA:53,8
DA:54,2
DA:55,2
DA:56,1
DA:57,1
DA:58,1
DA:60,1
DA:64,8
LF:18
LH:18
BRDA:55,0,0,1
BRDA:55,0,1,1
BRDA:55,1,0,2
BRDA:55,1,1,1
BRDA:55,1,2,1
BRDA:142,2,0,8
BRDA:142,2,1,1
BRF:7
BRH:7
end_of_record
TN:
SF:src\pages\Home.js
FN:6,(anonymous_0)
FNF:1
FNH:1
FNDA:3,(anonymous_0)
DA:6,1
DA:7,3
DA:190,1
LF:3
LH:3
BRDA:63,0,0,3
BRDA:63,0,1,3
BRDA:76,1,0,3
BRDA:76,1,1,0
BRDA:87,2,0,3
BRDA:87,2,1,0
BRF:6
BRH:4
end_of_record
TN:
SF:src\pages\Programs.js
FN:194,(anonymous_0)
FN:212,(anonymous_1)
FN:238,(anonymous_2)
FN:253,(anonymous_3)
FNF:4
FNH:4
FNDA:6,(anonymous_0)
FNDA:1,(anonymous_1)
FNDA:3,(anonymous_2)
FNDA:6,(anonymous_3)
DA:8,1
DA:194,1
DA:195,6
DA:196,6
DA:197,6
DA:199,6
DA:202,6
DA:208,6
DA:212,1
DA:238,1
DA:239,3
DA:241,3
DA:254,6
DA:269,1
DA:273,1
LF:15
LH:15
BRDA:199,0,0,0
BRDA:199,0,1,6
BRDA:216,1,0,6
BRDA:216,1,1,0
BRF:4
BRH:2
end_of_record
TN:
SF:src\styles\assets\images.js
FNF:0
FNH:0
LF:0
LH:0
BRF:0
BRH:0
end_of_record
